th!$#w0r
t|h!$w0r
t?h!$w0r
t.h!$w0r
th!~$w0r
th?!$w0r
th!%$w0r
th$!$w0r
th!$$w0r
th+!$w0r
th.!$w0r
th!$.w0r
th&!$w0r
th!$/w0r
th!|$w0r
t$h!$w0r
th!=$w0r
th!?$w0r
th!$w`0r
th>!$w0r
t>h!$w0r
th!*$w0r
th!$w$0r
t*h!$w0r
th?!$w0r
th!$>w0r
th!$*w0r
th!$w*0r
th+!$w0r
th!$/w0r
th!$`w0r
th!$$w0r
t#h!$w0r
th!$w?0r
th!$.w0r
th!%$w0r
t&h!$w0r
t~h!$w0r
th!!$w0r
t?h!$w0r
th!$+w0r
th!$w~0r
th!/$w0r
th!:$w0r
th!.$w0r
th!.$w0r
th!$,w0r
th!$w>0r
th!$-w0r
th!$w?0r
th!$,w0r
t.h!$w0r
th!$=w0r
th!:$w0r
t%h!$w0r
th!$!w0r
th>!$w0r
th!$^w0r
th!$w/0r
th!&$w0r
th!_$w0r
th=!$w0r
t`h!$w0r
th/!$w0r
th!$w@0r
th!$w-0r
th!$w?0r
th!?$w0r
th+!$w0r
th!$@w0r
th!$w<0r
th!$>w0r
th!$~w0r
t&h!$w0r
th!!$w0r
th!$/w0r
th!$w~0r
th`!$w0r
t?h!$w0r
t.h!$w0r
th,!$w0r
th!!$w0r
th!$w&0r
th!$w#0r
th#!$w0r
t#h!$w0r
th!$>w0r
th!$w^0r
th!-$w0r
t/h!$w0r
th!^$w0r
t~h!$w0r
th!$=w0r
th!$*w0r
th!$_w0r
th#!$w0r
th`!$w0r
t*h!$w0r
th!>$w0r
th%!$w0r
